2015/09/06 03:23:38 [error] [php] date(): It is not safe to rely on the system's timezone settings. You are *required* to use the date.timezone setting or the date_default_timezone_set() function. In case you used any of those methods and you are still getting this warning, you most likely misspelled the timezone identifier. We selected the timezone 'UTC' for now, but please set date.timezone to select your timezone. (/Users/kklin/Repositories/github/dinner/protected/extensions/CheckTime.php:17)
Stack trace:
#0 /Users/kklin/Repositories/github/dinner/yii/framework/web/actions/CInlineAction.php(49): SiteController->actionIndex()
#1 /Users/kklin/Repositories/github/dinner/yii/framework/web/CController.php(308): CInlineAction->runWithParams()
#2 /Users/kklin/Repositories/github/dinner/yii/framework/web/filters/CFilterChain.php(133): SiteController->runAction()
#3 /Users/kklin/Repositories/github/dinner/yii/framework/web/CController.php(291): CFilterChain->run()
#4 /Users/kklin/Repositories/github/dinner/yii/framework/web/CController.php(265): SiteController->runActionWithFilters()
#5 /Users/kklin/Repositories/github/dinner/yii/framework/web/CWebApplication.php(282): SiteController->run()
#6 /Users/kklin/Repositories/github/dinner/yii/framework/web/CWebApplication.php(141): CWebApplication->runController()
#7 /Users/kklin/Repositories/github/dinner/yii/framework/base/CApplication.php(180): CWebApplication->processRequest()
#8 /Users/kklin/Repositories/github/dinner/index.php(13): CWebApplication->run()
REQUEST_URI=/github/dinner/index.php
in /Users/kklin/Repositories/github/dinner/protected/extensions/CheckTime.php (17)
in /Users/kklin/Repositories/github/dinner/protected/controllers/SiteController.php (116)
in /Users/kklin/Repositories/github/dinner/index.php (13)
2015/09/06 03:28:37 [error] [php] date(): It is not safe to rely on the system's timezone settings. You are *required* to use the date.timezone setting or the date_default_timezone_set() function. In case you used any of those methods and you are still getting this warning, you most likely misspelled the timezone identifier. We selected the timezone 'UTC' for now, but please set date.timezone to select your timezone. (/Users/kklin/Repositories/github/dinner/protected/extensions/CheckTime.php:17)
Stack trace:
#0 /Users/kklin/Repositories/github/dinner/yii/framework/web/actions/CInlineAction.php(49): SiteController->actionIndex()
#1 /Users/kklin/Repositories/github/dinner/yii/framework/web/CController.php(308): CInlineAction->runWithParams()
#2 /Users/kklin/Repositories/github/dinner/yii/framework/web/filters/CFilterChain.php(133): SiteController->runAction()
#3 /Users/kklin/Repositories/github/dinner/yii/framework/web/CController.php(291): CFilterChain->run()
#4 /Users/kklin/Repositories/github/dinner/yii/framework/web/CController.php(265): SiteController->runActionWithFilters()
#5 /Users/kklin/Repositories/github/dinner/yii/framework/web/CWebApplication.php(282): SiteController->run()
#6 /Users/kklin/Repositories/github/dinner/yii/framework/web/CWebApplication.php(141): CWebApplication->runController()
#7 /Users/kklin/Repositories/github/dinner/yii/framework/base/CApplication.php(180): CWebApplication->processRequest()
#8 /Users/kklin/Repositories/github/dinner/index.php(13): CWebApplication->run()
REQUEST_URI=/github/dinner/index.php
in /Users/kklin/Repositories/github/dinner/protected/extensions/CheckTime.php (17)
in /Users/kklin/Repositories/github/dinner/protected/controllers/SiteController.php (116)
in /Users/kklin/Repositories/github/dinner/index.php (13)
2015/09/06 03:29:55 [error] [php] date(): It is not safe to rely on the system's timezone settings. You are *required* to use the date.timezone setting or the date_default_timezone_set() function. In case you used any of those methods and you are still getting this warning, you most likely misspelled the timezone identifier. We selected the timezone 'UTC' for now, but please set date.timezone to select your timezone. (/Users/kklin/Repositories/github/dinner/protected/extensions/CheckTime.php:17)
Stack trace:
#0 /Users/kklin/Repositories/github/dinner/yii/framework/web/actions/CInlineAction.php(49): SiteController->actionIndex()
#1 /Users/kklin/Repositories/github/dinner/yii/framework/web/CController.php(308): CInlineAction->runWithParams()
#2 /Users/kklin/Repositories/github/dinner/yii/framework/web/filters/CFilterChain.php(133): SiteController->runAction()
#3 /Users/kklin/Repositories/github/dinner/yii/framework/web/CController.php(291): CFilterChain->run()
#4 /Users/kklin/Repositories/github/dinner/yii/framework/web/CController.php(265): SiteController->runActionWithFilters()
#5 /Users/kklin/Repositories/github/dinner/yii/framework/web/CWebApplication.php(282): SiteController->run()
#6 /Users/kklin/Repositories/github/dinner/yii/framework/web/CWebApplication.php(141): CWebApplication->runController()
#7 /Users/kklin/Repositories/github/dinner/yii/framework/base/CApplication.php(180): CWebApplication->processRequest()
#8 /Users/kklin/Repositories/github/dinner/index.php(13): CWebApplication->run()
REQUEST_URI=/github/dinner/index.php
in /Users/kklin/Repositories/github/dinner/protected/extensions/CheckTime.php (17)
in /Users/kklin/Repositories/github/dinner/protected/controllers/SiteController.php (116)
in /Users/kklin/Repositories/github/dinner/index.php (13)
2015/09/06 03:31:15 [error] [php] date(): It is not safe to rely on the system's timezone settings. You are *required* to use the date.timezone setting or the date_default_timezone_set() function. In case you used any of those methods and you are still getting this warning, you most likely misspelled the timezone identifier. We selected the timezone 'UTC' for now, but please set date.timezone to select your timezone. (/Users/kklin/Repositories/github/dinner/protected/extensions/CheckTime.php:17)
Stack trace:
#0 /Users/kklin/Repositories/github/dinner/yii/framework/web/actions/CInlineAction.php(49): SiteController->actionIndex()
#1 /Users/kklin/Repositories/github/dinner/yii/framework/web/CController.php(308): CInlineAction->runWithParams()
#2 /Users/kklin/Repositories/github/dinner/yii/framework/web/filters/CFilterChain.php(133): SiteController->runAction()
#3 /Users/kklin/Repositories/github/dinner/yii/framework/web/CController.php(291): CFilterChain->run()
#4 /Users/kklin/Repositories/github/dinner/yii/framework/web/CController.php(265): SiteController->runActionWithFilters()
#5 /Users/kklin/Repositories/github/dinner/yii/framework/web/CWebApplication.php(282): SiteController->run()
#6 /Users/kklin/Repositories/github/dinner/yii/framework/web/CWebApplication.php(141): CWebApplication->runController()
#7 /Users/kklin/Repositories/github/dinner/yii/framework/base/CApplication.php(180): CWebApplication->processRequest()
#8 /Users/kklin/Repositories/github/dinner/index.php(13): CWebApplication->run()
REQUEST_URI=/github/dinner/index.php
in /Users/kklin/Repositories/github/dinner/protected/extensions/CheckTime.php (17)
in /Users/kklin/Repositories/github/dinner/protected/controllers/SiteController.php (116)
in /Users/kklin/Repositories/github/dinner/index.php (13)
2015/09/06 03:31:16 [error] [php] date(): It is not safe to rely on the system's timezone settings. You are *required* to use the date.timezone setting or the date_default_timezone_set() function. In case you used any of those methods and you are still getting this warning, you most likely misspelled the timezone identifier. We selected the timezone 'UTC' for now, but please set date.timezone to select your timezone. (/Users/kklin/Repositories/github/dinner/protected/extensions/CheckTime.php:17)
Stack trace:
#0 /Users/kklin/Repositories/github/dinner/yii/framework/web/actions/CInlineAction.php(49): SiteController->actionIndex()
#1 /Users/kklin/Repositories/github/dinner/yii/framework/web/CController.php(308): CInlineAction->runWithParams()
#2 /Users/kklin/Repositories/github/dinner/yii/framework/web/filters/CFilterChain.php(133): SiteController->runAction()
#3 /Users/kklin/Repositories/github/dinner/yii/framework/web/CController.php(291): CFilterChain->run()
#4 /Users/kklin/Repositories/github/dinner/yii/framework/web/CController.php(265): SiteController->runActionWithFilters()
#5 /Users/kklin/Repositories/github/dinner/yii/framework/web/CWebApplication.php(282): SiteController->run()
#6 /Users/kklin/Repositories/github/dinner/yii/framework/web/CWebApplication.php(141): CWebApplication->runController()
#7 /Users/kklin/Repositories/github/dinner/yii/framework/base/CApplication.php(180): CWebApplication->processRequest()
#8 /Users/kklin/Repositories/github/dinner/index.php(13): CWebApplication->run()
REQUEST_URI=/github/dinner/index.php
in /Users/kklin/Repositories/github/dinner/protected/extensions/CheckTime.php (17)
in /Users/kklin/Repositories/github/dinner/protected/controllers/SiteController.php (116)
in /Users/kklin/Repositories/github/dinner/index.php (13)
2015/09/06 03:33:46 [error] [php] date(): It is not safe to rely on the system's timezone settings. You are *required* to use the date.timezone setting or the date_default_timezone_set() function. In case you used any of those methods and you are still getting this warning, you most likely misspelled the timezone identifier. We selected the timezone 'UTC' for now, but please set date.timezone to select your timezone. (/Users/kklin/Repositories/github/dinner/protected/extensions/CheckTime.php:17)
Stack trace:
#0 /Users/kklin/Repositories/github/dinner/yii/framework/web/actions/CInlineAction.php(49): SiteController->actionIndex()
#1 /Users/kklin/Repositories/github/dinner/yii/framework/web/CController.php(308): CInlineAction->runWithParams()
#2 /Users/kklin/Repositories/github/dinner/yii/framework/web/filters/CFilterChain.php(133): SiteController->runAction()
#3 /Users/kklin/Repositories/github/dinner/yii/framework/web/CController.php(291): CFilterChain->run()
#4 /Users/kklin/Repositories/github/dinner/yii/framework/web/CController.php(265): SiteController->runActionWithFilters()
#5 /Users/kklin/Repositories/github/dinner/yii/framework/web/CWebApplication.php(282): SiteController->run()
#6 /Users/kklin/Repositories/github/dinner/yii/framework/web/CWebApplication.php(141): CWebApplication->runController()
#7 /Users/kklin/Repositories/github/dinner/yii/framework/base/CApplication.php(180): CWebApplication->processRequest()
#8 /Users/kklin/Repositories/github/dinner/index.php(13): CWebApplication->run()
REQUEST_URI=/github/dinner/index.php
in /Users/kklin/Repositories/github/dinner/protected/extensions/CheckTime.php (17)
in /Users/kklin/Repositories/github/dinner/protected/controllers/SiteController.php (116)
in /Users/kklin/Repositories/github/dinner/index.php (13)
2015/09/06 03:33:47 [error] [php] date(): It is not safe to rely on the system's timezone settings. You are *required* to use the date.timezone setting or the date_default_timezone_set() function. In case you used any of those methods and you are still getting this warning, you most likely misspelled the timezone identifier. We selected the timezone 'UTC' for now, but please set date.timezone to select your timezone. (/Users/kklin/Repositories/github/dinner/protected/extensions/CheckTime.php:17)
Stack trace:
#0 /Users/kklin/Repositories/github/dinner/yii/framework/web/actions/CInlineAction.php(49): SiteController->actionIndex()
#1 /Users/kklin/Repositories/github/dinner/yii/framework/web/CController.php(308): CInlineAction->runWithParams()
#2 /Users/kklin/Repositories/github/dinner/yii/framework/web/filters/CFilterChain.php(133): SiteController->runAction()
#3 /Users/kklin/Repositories/github/dinner/yii/framework/web/CController.php(291): CFilterChain->run()
#4 /Users/kklin/Repositories/github/dinner/yii/framework/web/CController.php(265): SiteController->runActionWithFilters()
#5 /Users/kklin/Repositories/github/dinner/yii/framework/web/CWebApplication.php(282): SiteController->run()
#6 /Users/kklin/Repositories/github/dinner/yii/framework/web/CWebApplication.php(141): CWebApplication->runController()
#7 /Users/kklin/Repositories/github/dinner/yii/framework/base/CApplication.php(180): CWebApplication->processRequest()
#8 /Users/kklin/Repositories/github/dinner/index.php(13): CWebApplication->run()
REQUEST_URI=/github/dinner/index.php
in /Users/kklin/Repositories/github/dinner/protected/extensions/CheckTime.php (17)
in /Users/kklin/Repositories/github/dinner/protected/controllers/SiteController.php (116)
in /Users/kklin/Repositories/github/dinner/index.php (13)
2015/09/06 03:33:50 [error] [php] date(): It is not safe to rely on the system's timezone settings. You are *required* to use the date.timezone setting or the date_default_timezone_set() function. In case you used any of those methods and you are still getting this warning, you most likely misspelled the timezone identifier. We selected the timezone 'UTC' for now, but please set date.timezone to select your timezone. (/Users/kklin/Repositories/github/dinner/protected/extensions/CheckTime.php:17)
Stack trace:
#0 /Users/kklin/Repositories/github/dinner/yii/framework/web/actions/CInlineAction.php(49): SiteController->actionIndex()
#1 /Users/kklin/Repositories/github/dinner/yii/framework/web/CController.php(308): CInlineAction->runWithParams()
#2 /Users/kklin/Repositories/github/dinner/yii/framework/web/filters/CFilterChain.php(133): SiteController->runAction()
#3 /Users/kklin/Repositories/github/dinner/yii/framework/web/CController.php(291): CFilterChain->run()
#4 /Users/kklin/Repositories/github/dinner/yii/framework/web/CController.php(265): SiteController->runActionWithFilters()
#5 /Users/kklin/Repositories/github/dinner/yii/framework/web/CWebApplication.php(282): SiteController->run()
#6 /Users/kklin/Repositories/github/dinner/yii/framework/web/CWebApplication.php(141): CWebApplication->runController()
#7 /Users/kklin/Repositories/github/dinner/yii/framework/base/CApplication.php(180): CWebApplication->processRequest()
#8 /Users/kklin/Repositories/github/dinner/index.php(13): CWebApplication->run()
REQUEST_URI=/github/dinner/index.php
in /Users/kklin/Repositories/github/dinner/protected/extensions/CheckTime.php (17)
in /Users/kklin/Repositories/github/dinner/protected/controllers/SiteController.php (116)
in /Users/kklin/Repositories/github/dinner/index.php (13)
2015/09/06 11:40:18 [error] [php] Undefined variable: data (/Users/kklin/Repositories/github/dinner/protected/controllers/MenusController.php:120)
Stack trace:
#0 /Users/kklin/Repositories/github/dinner/yii/framework/web/filters/CFilterChain.php(133): MenusController->runAction()
#1 /Users/kklin/Repositories/github/dinner/yii/framework/web/filters/CFilter.php(40): CFilterChain->run()
#2 /Users/kklin/Repositories/github/dinner/yii/framework/web/CController.php(1145): CAccessControlFilter->filter()
#3 /Users/kklin/Repositories/github/dinner/yii/framework/web/filters/CInlineFilter.php(58): MenusController->filterAccessControl()
#4 /Users/kklin/Repositories/github/dinner/yii/framework/web/filters/CFilterChain.php(130): CInlineFilter->filter()
#5 /Users/kklin/Repositories/github/dinner/yii/framework/web/CController.php(291): CFilterChain->run()
#6 /Users/kklin/Repositories/github/dinner/yii/framework/web/CController.php(265): MenusController->runActionWithFilters()
#7 /Users/kklin/Repositories/github/dinner/yii/framework/web/CWebApplication.php(282): MenusController->run()
#8 /Users/kklin/Repositories/github/dinner/yii/framework/web/CWebApplication.php(141): CWebApplication->runController()
#9 /Users/kklin/Repositories/github/dinner/yii/framework/base/CApplication.php(180): CWebApplication->processRequest()
#10 /Users/kklin/Repositories/github/dinner/index.php(13): CWebApplication->run()
REQUEST_URI=/github/dinner/index.php?r=menus/form
in /Users/kklin/Repositories/github/dinner/protected/controllers/MenusController.php (120)
in /Users/kklin/Repositories/github/dinner/index.php (13)
2015/09/06 11:40:47 [error] [php] Undefined variable: data (/Users/kklin/Repositories/github/dinner/protected/controllers/MenusController.php:120)
Stack trace:
#0 /Users/kklin/Repositories/github/dinner/yii/framework/web/filters/CFilterChain.php(133): MenusController->runAction()
#1 /Users/kklin/Repositories/github/dinner/yii/framework/web/filters/CFilter.php(40): CFilterChain->run()
#2 /Users/kklin/Repositories/github/dinner/yii/framework/web/CController.php(1145): CAccessControlFilter->filter()
#3 /Users/kklin/Repositories/github/dinner/yii/framework/web/filters/CInlineFilter.php(58): MenusController->filterAccessControl()
#4 /Users/kklin/Repositories/github/dinner/yii/framework/web/filters/CFilterChain.php(130): CInlineFilter->filter()
#5 /Users/kklin/Repositories/github/dinner/yii/framework/web/CController.php(291): CFilterChain->run()
#6 /Users/kklin/Repositories/github/dinner/yii/framework/web/CController.php(265): MenusController->runActionWithFilters()
#7 /Users/kklin/Repositories/github/dinner/yii/framework/web/CWebApplication.php(282): MenusController->run()
#8 /Users/kklin/Repositories/github/dinner/yii/framework/web/CWebApplication.php(141): CWebApplication->runController()
#9 /Users/kklin/Repositories/github/dinner/yii/framework/base/CApplication.php(180): CWebApplication->processRequest()
#10 /Users/kklin/Repositories/github/dinner/index.php(13): CWebApplication->run()
REQUEST_URI=/github/dinner/index.php?r=menus/form
in /Users/kklin/Repositories/github/dinner/protected/controllers/MenusController.php (120)
in /Users/kklin/Repositories/github/dinner/index.php (13)
2015/09/06 11:41:17 [error] [php] Undefined variable: data (/Users/kklin/Repositories/github/dinner/protected/controllers/MenusController.php:120)
Stack trace:
#0 /Users/kklin/Repositories/github/dinner/yii/framework/web/filters/CFilterChain.php(133): MenusController->runAction()
#1 /Users/kklin/Repositories/github/dinner/yii/framework/web/filters/CFilter.php(40): CFilterChain->run()
#2 /Users/kklin/Repositories/github/dinner/yii/framework/web/CController.php(1145): CAccessControlFilter->filter()
#3 /Users/kklin/Repositories/github/dinner/yii/framework/web/filters/CInlineFilter.php(58): MenusController->filterAccessControl()
#4 /Users/kklin/Repositories/github/dinner/yii/framework/web/filters/CFilterChain.php(130): CInlineFilter->filter()
#5 /Users/kklin/Repositories/github/dinner/yii/framework/web/CController.php(291): CFilterChain->run()
#6 /Users/kklin/Repositories/github/dinner/yii/framework/web/CController.php(265): MenusController->runActionWithFilters()
#7 /Users/kklin/Repositories/github/dinner/yii/framework/web/CWebApplication.php(282): MenusController->run()
#8 /Users/kklin/Repositories/github/dinner/yii/framework/web/CWebApplication.php(141): CWebApplication->runController()
#9 /Users/kklin/Repositories/github/dinner/yii/framework/base/CApplication.php(180): CWebApplication->processRequest()
#10 /Users/kklin/Repositories/github/dinner/index.php(13): CWebApplication->run()
REQUEST_URI=/github/dinner/index.php?r=menus/form
in /Users/kklin/Repositories/github/dinner/protected/controllers/MenusController.php (120)
in /Users/kklin/Repositories/github/dinner/index.php (13)
2015/09/06 11:41:24 [error] [php] Undefined variable: data (/Users/kklin/Repositories/github/dinner/protected/controllers/ShopsController.php:117)
Stack trace:
#0 /Users/kklin/Repositories/github/dinner/yii/framework/web/filters/CFilterChain.php(133): ShopsController->runAction()
#1 /Users/kklin/Repositories/github/dinner/yii/framework/web/filters/CFilter.php(40): CFilterChain->run()
#2 /Users/kklin/Repositories/github/dinner/yii/framework/web/CController.php(1145): CAccessControlFilter->filter()
#3 /Users/kklin/Repositories/github/dinner/yii/framework/web/filters/CInlineFilter.php(58): ShopsController->filterAccessControl()
#4 /Users/kklin/Repositories/github/dinner/yii/framework/web/filters/CFilterChain.php(130): CInlineFilter->filter()
#5 /Users/kklin/Repositories/github/dinner/yii/framework/web/CController.php(291): CFilterChain->run()
#6 /Users/kklin/Repositories/github/dinner/yii/framework/web/CController.php(265): ShopsController->runActionWithFilters()
#7 /Users/kklin/Repositories/github/dinner/yii/framework/web/CWebApplication.php(282): ShopsController->run()
#8 /Users/kklin/Repositories/github/dinner/yii/framework/web/CWebApplication.php(141): CWebApplication->runController()
#9 /Users/kklin/Repositories/github/dinner/yii/framework/base/CApplication.php(180): CWebApplication->processRequest()
#10 /Users/kklin/Repositories/github/dinner/index.php(13): CWebApplication->run()
REQUEST_URI=/github/dinner/index.php?r=shops/form
in /Users/kklin/Repositories/github/dinner/protected/controllers/ShopsController.php (117)
in /Users/kklin/Repositories/github/dinner/index.php (13)
2015/09/06 11:41:37 [error] [php] Undefined variable: model (/Users/kklin/Repositories/github/dinner/protected/controllers/AnnouncementController.php:96)
Stack trace:
#0 /Users/kklin/Repositories/github/dinner/yii/framework/web/filters/CFilterChain.php(133): AnnouncementController->runAction()
#1 /Users/kklin/Repositories/github/dinner/yii/framework/web/filters/CFilter.php(40): CFilterChain->run()
#2 /Users/kklin/Repositories/github/dinner/yii/framework/web/CController.php(1145): CAccessControlFilter->filter()
#3 /Users/kklin/Repositories/github/dinner/yii/framework/web/filters/CInlineFilter.php(58): AnnouncementController->filterAccessControl()
#4 /Users/kklin/Repositories/github/dinner/yii/framework/web/filters/CFilterChain.php(130): CInlineFilter->filter()
#5 /Users/kklin/Repositories/github/dinner/yii/framework/web/CController.php(291): CFilterChain->run()
#6 /Users/kklin/Repositories/github/dinner/yii/framework/web/CController.php(265): AnnouncementController->runActionWithFilters()
#7 /Users/kklin/Repositories/github/dinner/yii/framework/web/CWebApplication.php(282): AnnouncementController->run()
#8 /Users/kklin/Repositories/github/dinner/yii/framework/web/CWebApplication.php(141): CWebApplication->runController()
#9 /Users/kklin/Repositories/github/dinner/yii/framework/base/CApplication.php(180): CWebApplication->processRequest()
#10 /Users/kklin/Repositories/github/dinner/index.php(13): CWebApplication->run()
REQUEST_URI=/github/dinner/index.php?r=announcement/form
in /Users/kklin/Repositories/github/dinner/protected/controllers/AnnouncementController.php (96)
in /Users/kklin/Repositories/github/dinner/index.php (13)
2015/09/06 11:42:02 [error] [php] Undefined variable: data (/Users/kklin/Repositories/github/dinner/protected/controllers/MenusController.php:120)
Stack trace:
#0 /Users/kklin/Repositories/github/dinner/yii/framework/web/filters/CFilterChain.php(133): MenusController->runAction()
#1 /Users/kklin/Repositories/github/dinner/yii/framework/web/filters/CFilter.php(40): CFilterChain->run()
#2 /Users/kklin/Repositories/github/dinner/yii/framework/web/CController.php(1145): CAccessControlFilter->filter()
#3 /Users/kklin/Repositories/github/dinner/yii/framework/web/filters/CInlineFilter.php(58): MenusController->filterAccessControl()
#4 /Users/kklin/Repositories/github/dinner/yii/framework/web/filters/CFilterChain.php(130): CInlineFilter->filter()
#5 /Users/kklin/Repositories/github/dinner/yii/framework/web/CController.php(291): CFilterChain->run()
#6 /Users/kklin/Repositories/github/dinner/yii/framework/web/CController.php(265): MenusController->runActionWithFilters()
#7 /Users/kklin/Repositories/github/dinner/yii/framework/web/CWebApplication.php(282): MenusController->run()
#8 /Users/kklin/Repositories/github/dinner/yii/framework/web/CWebApplication.php(141): CWebApplication->runController()
#9 /Users/kklin/Repositories/github/dinner/yii/framework/base/CApplication.php(180): CWebApplication->processRequest()
#10 /Users/kklin/Repositories/github/dinner/index.php(13): CWebApplication->run()
REQUEST_URI=/github/dinner/index.php?r=menus/form
in /Users/kklin/Repositories/github/dinner/protected/controllers/MenusController.php (120)
in /Users/kklin/Repositories/github/dinner/index.php (13)
2015/09/06 11:42:13 [error] [php] Undefined variable: model (/Users/kklin/Repositories/github/dinner/protected/controllers/AnnouncementController.php:96)
Stack trace:
#0 /Users/kklin/Repositories/github/dinner/yii/framework/web/filters/CFilterChain.php(133): AnnouncementController->runAction()
#1 /Users/kklin/Repositories/github/dinner/yii/framework/web/filters/CFilter.php(40): CFilterChain->run()
#2 /Users/kklin/Repositories/github/dinner/yii/framework/web/CController.php(1145): CAccessControlFilter->filter()
#3 /Users/kklin/Repositories/github/dinner/yii/framework/web/filters/CInlineFilter.php(58): AnnouncementController->filterAccessControl()
#4 /Users/kklin/Repositories/github/dinner/yii/framework/web/filters/CFilterChain.php(130): CInlineFilter->filter()
#5 /Users/kklin/Repositories/github/dinner/yii/framework/web/CController.php(291): CFilterChain->run()
#6 /Users/kklin/Repositories/github/dinner/yii/framework/web/CController.php(265): AnnouncementController->runActionWithFilters()
#7 /Users/kklin/Repositories/github/dinner/yii/framework/web/CWebApplication.php(282): AnnouncementController->run()
#8 /Users/kklin/Repositories/github/dinner/yii/framework/web/CWebApplication.php(141): CWebApplication->runController()
#9 /Users/kklin/Repositories/github/dinner/yii/framework/base/CApplication.php(180): CWebApplication->processRequest()
#10 /Users/kklin/Repositories/github/dinner/index.php(13): CWebApplication->run()
REQUEST_URI=/github/dinner/index.php?r=announcement/form
in /Users/kklin/Repositories/github/dinner/protected/controllers/AnnouncementController.php (96)
in /Users/kklin/Repositories/github/dinner/index.php (13)
2015/09/06 13:36:13 [error] [php] Undefined variable: data (/Users/kklin/Repositories/github/dinner/protected/controllers/MenusController.php:120)
Stack trace:
#0 /Users/kklin/Repositories/github/dinner/yii/framework/web/filters/CFilterChain.php(133): MenusController->runAction()
#1 /Users/kklin/Repositories/github/dinner/yii/framework/web/filters/CFilter.php(40): CFilterChain->run()
#2 /Users/kklin/Repositories/github/dinner/yii/framework/web/CController.php(1145): CAccessControlFilter->filter()
#3 /Users/kklin/Repositories/github/dinner/yii/framework/web/filters/CInlineFilter.php(58): MenusController->filterAccessControl()
#4 /Users/kklin/Repositories/github/dinner/yii/framework/web/filters/CFilterChain.php(130): CInlineFilter->filter()
#5 /Users/kklin/Repositories/github/dinner/yii/framework/web/CController.php(291): CFilterChain->run()
#6 /Users/kklin/Repositories/github/dinner/yii/framework/web/CController.php(265): MenusController->runActionWithFilters()
#7 /Users/kklin/Repositories/github/dinner/yii/framework/web/CWebApplication.php(282): MenusController->run()
#8 /Users/kklin/Repositories/github/dinner/yii/framework/web/CWebApplication.php(141): CWebApplication->runController()
#9 /Users/kklin/Repositories/github/dinner/yii/framework/base/CApplication.php(180): CWebApplication->processRequest()
#10 /Users/kklin/Repositories/github/dinner/index.php(13): CWebApplication->run()
REQUEST_URI=/github/dinner/index.php?r=menus/form
in /Users/kklin/Repositories/github/dinner/protected/controllers/MenusController.php (120)
in /Users/kklin/Repositories/github/dinner/index.php (13)
2015/09/06 13:36:52 [error] [php] Undefined variable: data (/Users/kklin/Repositories/github/dinner/protected/controllers/MenusController.php:119)
Stack trace:
#0 /Users/kklin/Repositories/github/dinner/yii/framework/web/filters/CFilterChain.php(133): MenusController->runAction()
#1 /Users/kklin/Repositories/github/dinner/yii/framework/web/filters/CFilter.php(40): CFilterChain->run()
#2 /Users/kklin/Repositories/github/dinner/yii/framework/web/CController.php(1145): CAccessControlFilter->filter()
#3 /Users/kklin/Repositories/github/dinner/yii/framework/web/filters/CInlineFilter.php(58): MenusController->filterAccessControl()
#4 /Users/kklin/Repositories/github/dinner/yii/framework/web/filters/CFilterChain.php(130): CInlineFilter->filter()
#5 /Users/kklin/Repositories/github/dinner/yii/framework/web/CController.php(291): CFilterChain->run()
#6 /Users/kklin/Repositories/github/dinner/yii/framework/web/CController.php(265): MenusController->runActionWithFilters()
#7 /Users/kklin/Repositories/github/dinner/yii/framework/web/CWebApplication.php(282): MenusController->run()
#8 /Users/kklin/Repositories/github/dinner/yii/framework/web/CWebApplication.php(141): CWebApplication->runController()
#9 /Users/kklin/Repositories/github/dinner/yii/framework/base/CApplication.php(180): CWebApplication->processRequest()
#10 /Users/kklin/Repositories/github/dinner/index.php(13): CWebApplication->run()
REQUEST_URI=/github/dinner/index.php?r=menus/form
in /Users/kklin/Repositories/github/dinner/protected/controllers/MenusController.php (119)
in /Users/kklin/Repositories/github/dinner/index.php (13)
2015/09/06 13:37:23 [error] [php] Undefined variable: data (/Users/kklin/Repositories/github/dinner/protected/controllers/MenusController.php:120)
Stack trace:
#0 /Users/kklin/Repositories/github/dinner/yii/framework/web/filters/CFilterChain.php(133): MenusController->runAction()
#1 /Users/kklin/Repositories/github/dinner/yii/framework/web/filters/CFilter.php(40): CFilterChain->run()
#2 /Users/kklin/Repositories/github/dinner/yii/framework/web/CController.php(1145): CAccessControlFilter->filter()
#3 /Users/kklin/Repositories/github/dinner/yii/framework/web/filters/CInlineFilter.php(58): MenusController->filterAccessControl()
#4 /Users/kklin/Repositories/github/dinner/yii/framework/web/filters/CFilterChain.php(130): CInlineFilter->filter()
#5 /Users/kklin/Repositories/github/dinner/yii/framework/web/CController.php(291): CFilterChain->run()
#6 /Users/kklin/Repositories/github/dinner/yii/framework/web/CController.php(265): MenusController->runActionWithFilters()
#7 /Users/kklin/Repositories/github/dinner/yii/framework/web/CWebApplication.php(282): MenusController->run()
#8 /Users/kklin/Repositories/github/dinner/yii/framework/web/CWebApplication.php(141): CWebApplication->runController()
#9 /Users/kklin/Repositories/github/dinner/yii/framework/base/CApplication.php(180): CWebApplication->processRequest()
#10 /Users/kklin/Repositories/github/dinner/index.php(13): CWebApplication->run()
REQUEST_URI=/github/dinner/index.php?r=menus/form
in /Users/kklin/Repositories/github/dinner/protected/controllers/MenusController.php (120)
in /Users/kklin/Repositories/github/dinner/index.php (13)
2015/09/06 13:40:15 [error] [php] Undefined variable: data (/Users/kklin/Repositories/github/dinner/protected/controllers/MenusController.php:123)
Stack trace:
#0 /Users/kklin/Repositories/github/dinner/yii/framework/web/filters/CFilterChain.php(133): MenusController->runAction()
#1 /Users/kklin/Repositories/github/dinner/yii/framework/web/filters/CFilter.php(40): CFilterChain->run()
#2 /Users/kklin/Repositories/github/dinner/yii/framework/web/CController.php(1145): CAccessControlFilter->filter()
#3 /Users/kklin/Repositories/github/dinner/yii/framework/web/filters/CInlineFilter.php(58): MenusController->filterAccessControl()
#4 /Users/kklin/Repositories/github/dinner/yii/framework/web/filters/CFilterChain.php(130): CInlineFilter->filter()
#5 /Users/kklin/Repositories/github/dinner/yii/framework/web/CController.php(291): CFilterChain->run()
#6 /Users/kklin/Repositories/github/dinner/yii/framework/web/CController.php(265): MenusController->runActionWithFilters()
#7 /Users/kklin/Repositories/github/dinner/yii/framework/web/CWebApplication.php(282): MenusController->run()
#8 /Users/kklin/Repositories/github/dinner/yii/framework/web/CWebApplication.php(141): CWebApplication->runController()
#9 /Users/kklin/Repositories/github/dinner/yii/framework/base/CApplication.php(180): CWebApplication->processRequest()
#10 /Users/kklin/Repositories/github/dinner/index.php(13): CWebApplication->run()
REQUEST_URI=/github/dinner/index.php?r=menus/form
in /Users/kklin/Repositories/github/dinner/protected/controllers/MenusController.php (123)
in /Users/kklin/Repositories/github/dinner/index.php (13)
2015/09/06 13:40:29 [error] [php] Illegal string offset 'name' (/Users/kklin/Repositories/github/dinner/protected/views/menus/_form.php:30)
Stack trace:
#0 /Users/kklin/Repositories/github/dinner/yii/framework/web/CController.php(869): MenusController->renderFile()
#1 /Users/kklin/Repositories/github/dinner/yii/framework/web/CController.php(782): MenusController->renderPartial()
#2 /Users/kklin/Repositories/github/dinner/protected/controllers/MenusController.php(125): MenusController->render()
#3 /Users/kklin/Repositories/github/dinner/yii/framework/web/actions/CInlineAction.php(49): MenusController->actionForm()
#4 /Users/kklin/Repositories/github/dinner/yii/framework/web/CController.php(308): CInlineAction->runWithParams()
#5 /Users/kklin/Repositories/github/dinner/yii/framework/web/filters/CFilterChain.php(133): MenusController->runAction()
#6 /Users/kklin/Repositories/github/dinner/yii/framework/web/filters/CFilter.php(40): CFilterChain->run()
#7 /Users/kklin/Repositories/github/dinner/yii/framework/web/CController.php(1145): CAccessControlFilter->filter()
#8 /Users/kklin/Repositories/github/dinner/yii/framework/web/filters/CInlineFilter.php(58): MenusController->filterAccessControl()
#9 /Users/kklin/Repositories/github/dinner/yii/framework/web/filters/CFilterChain.php(130): CInlineFilter->filter()
#10 /Users/kklin/Repositories/github/dinner/yii/framework/web/CController.php(291): CFilterChain->run()
#11 /Users/kklin/Repositories/github/dinner/yii/framework/web/CController.php(265): MenusController->runActionWithFilters()
#12 /Users/kklin/Repositories/github/dinner/yii/framework/web/CWebApplication.php(282): MenusController->run()
#13 /Users/kklin/Repositories/github/dinner/yii/framework/web/CWebApplication.php(141): CWebApplication->runController()
#14 /Users/kklin/Repositories/github/dinner/yii/framework/base/CApplication.php(180): CWebApplication->processRequest()
#15 /Users/kklin/Repositories/github/dinner/index.php(13): CWebApplication->run()
REQUEST_URI=/github/dinner/index.php?r=menus/form
in /Users/kklin/Repositories/github/dinner/protected/views/menus/_form.php (30)
in /Users/kklin/Repositories/github/dinner/protected/controllers/MenusController.php (125)
in /Users/kklin/Repositories/github/dinner/index.php (13)
2015/09/06 13:41:14 [error] [php] Undefined variable: data (/Users/kklin/Repositories/github/dinner/protected/controllers/ShopsController.php:117)
Stack trace:
#0 /Users/kklin/Repositories/github/dinner/yii/framework/web/filters/CFilterChain.php(133): ShopsController->runAction()
#1 /Users/kklin/Repositories/github/dinner/yii/framework/web/filters/CFilter.php(40): CFilterChain->run()
#2 /Users/kklin/Repositories/github/dinner/yii/framework/web/CController.php(1145): CAccessControlFilter->filter()
#3 /Users/kklin/Repositories/github/dinner/yii/framework/web/filters/CInlineFilter.php(58): ShopsController->filterAccessControl()
#4 /Users/kklin/Repositories/github/dinner/yii/framework/web/filters/CFilterChain.php(130): CInlineFilter->filter()
#5 /Users/kklin/Repositories/github/dinner/yii/framework/web/CController.php(291): CFilterChain->run()
#6 /Users/kklin/Repositories/github/dinner/yii/framework/web/CController.php(265): ShopsController->runActionWithFilters()
#7 /Users/kklin/Repositories/github/dinner/yii/framework/web/CWebApplication.php(282): ShopsController->run()
#8 /Users/kklin/Repositories/github/dinner/yii/framework/web/CWebApplication.php(141): CWebApplication->runController()
#9 /Users/kklin/Repositories/github/dinner/yii/framework/base/CApplication.php(180): CWebApplication->processRequest()
#10 /Users/kklin/Repositories/github/dinner/index.php(13): CWebApplication->run()
REQUEST_URI=/github/dinner/index.php?r=shops/form
in /Users/kklin/Repositories/github/dinner/protected/controllers/ShopsController.php (117)
in /Users/kklin/Repositories/github/dinner/index.php (13)
2015/09/06 13:44:21 [error] [php] Illegal string offset 'name' (/Users/kklin/Repositories/github/dinner/protected/views/menus/_form.php:30)
Stack trace:
#0 /Users/kklin/Repositories/github/dinner/yii/framework/web/CController.php(869): MenusController->renderFile()
#1 /Users/kklin/Repositories/github/dinner/yii/framework/web/CController.php(782): MenusController->renderPartial()
#2 /Users/kklin/Repositories/github/dinner/protected/controllers/MenusController.php(126): MenusController->render()
#3 /Users/kklin/Repositories/github/dinner/yii/framework/web/actions/CInlineAction.php(49): MenusController->actionForm()
#4 /Users/kklin/Repositories/github/dinner/yii/framework/web/CController.php(308): CInlineAction->runWithParams()
#5 /Users/kklin/Repositories/github/dinner/yii/framework/web/filters/CFilterChain.php(133): MenusController->runAction()
#6 /Users/kklin/Repositories/github/dinner/yii/framework/web/filters/CFilter.php(40): CFilterChain->run()
#7 /Users/kklin/Repositories/github/dinner/yii/framework/web/CController.php(1145): CAccessControlFilter->filter()
#8 /Users/kklin/Repositories/github/dinner/yii/framework/web/filters/CInlineFilter.php(58): MenusController->filterAccessControl()
#9 /Users/kklin/Repositories/github/dinner/yii/framework/web/filters/CFilterChain.php(130): CInlineFilter->filter()
#10 /Users/kklin/Repositories/github/dinner/yii/framework/web/CController.php(291): CFilterChain->run()
#11 /Users/kklin/Repositories/github/dinner/yii/framework/web/CController.php(265): MenusController->runActionWithFilters()
#12 /Users/kklin/Repositories/github/dinner/yii/framework/web/CWebApplication.php(282): MenusController->run()
#13 /Users/kklin/Repositories/github/dinner/yii/framework/web/CWebApplication.php(141): CWebApplication->runController()
#14 /Users/kklin/Repositories/github/dinner/yii/framework/base/CApplication.php(180): CWebApplication->processRequest()
#15 /Users/kklin/Repositories/github/dinner/index.php(13): CWebApplication->run()
REQUEST_URI=/github/dinner/index.php?r=menus/form
in /Users/kklin/Repositories/github/dinner/protected/views/menus/_form.php (30)
in /Users/kklin/Repositories/github/dinner/protected/controllers/MenusController.php (126)
in /Users/kklin/Repositories/github/dinner/index.php (13)
2015/09/06 13:45:29 [error] [php] Undefined variable: data (/Users/kklin/Repositories/github/dinner/protected/controllers/MenusController.php:123)
Stack trace:
#0 /Users/kklin/Repositories/github/dinner/yii/framework/web/filters/CFilterChain.php(133): MenusController->runAction()
#1 /Users/kklin/Repositories/github/dinner/yii/framework/web/filters/CFilter.php(40): CFilterChain->run()
#2 /Users/kklin/Repositories/github/dinner/yii/framework/web/CController.php(1145): CAccessControlFilter->filter()
#3 /Users/kklin/Repositories/github/dinner/yii/framework/web/filters/CInlineFilter.php(58): MenusController->filterAccessControl()
#4 /Users/kklin/Repositories/github/dinner/yii/framework/web/filters/CFilterChain.php(130): CInlineFilter->filter()
#5 /Users/kklin/Repositories/github/dinner/yii/framework/web/CController.php(291): CFilterChain->run()
#6 /Users/kklin/Repositories/github/dinner/yii/framework/web/CController.php(265): MenusController->runActionWithFilters()
#7 /Users/kklin/Repositories/github/dinner/yii/framework/web/CWebApplication.php(282): MenusController->run()
#8 /Users/kklin/Repositories/github/dinner/yii/framework/web/CWebApplication.php(141): CWebApplication->runController()
#9 /Users/kklin/Repositories/github/dinner/yii/framework/base/CApplication.php(180): CWebApplication->processRequest()
#10 /Users/kklin/Repositories/github/dinner/index.php(13): CWebApplication->run()
REQUEST_URI=/github/dinner/index.php?r=menus/form
in /Users/kklin/Repositories/github/dinner/protected/controllers/MenusController.php (123)
in /Users/kklin/Repositories/github/dinner/index.php (13)
2015/09/06 13:48:28 [error] [php] Undefined variable: data (/Users/kklin/Repositories/github/dinner/protected/controllers/MenusController.php:123)
Stack trace:
#0 /Users/kklin/Repositories/github/dinner/yii/framework/web/filters/CFilterChain.php(133): MenusController->runAction()
#1 /Users/kklin/Repositories/github/dinner/yii/framework/web/filters/CFilter.php(40): CFilterChain->run()
#2 /Users/kklin/Repositories/github/dinner/yii/framework/web/CController.php(1145): CAccessControlFilter->filter()
#3 /Users/kklin/Repositories/github/dinner/yii/framework/web/filters/CInlineFilter.php(58): MenusController->filterAccessControl()
#4 /Users/kklin/Repositories/github/dinner/yii/framework/web/filters/CFilterChain.php(130): CInlineFilter->filter()
#5 /Users/kklin/Repositories/github/dinner/yii/framework/web/CController.php(291): CFilterChain->run()
#6 /Users/kklin/Repositories/github/dinner/yii/framework/web/CController.php(265): MenusController->runActionWithFilters()
#7 /Users/kklin/Repositories/github/dinner/yii/framework/web/CWebApplication.php(282): MenusController->run()
#8 /Users/kklin/Repositories/github/dinner/yii/framework/web/CWebApplication.php(141): CWebApplication->runController()
#9 /Users/kklin/Repositories/github/dinner/yii/framework/base/CApplication.php(180): CWebApplication->processRequest()
#10 /Users/kklin/Repositories/github/dinner/index.php(13): CWebApplication->run()
REQUEST_URI=/github/dinner/index.php?r=menus/form
in /Users/kklin/Repositories/github/dinner/protected/controllers/MenusController.php (123)
in /Users/kklin/Repositories/github/dinner/index.php (13)
2015/09/06 13:48:30 [error] [php] Undefined variable: data (/Users/kklin/Repositories/github/dinner/protected/controllers/MenusController.php:123)
Stack trace:
#0 /Users/kklin/Repositories/github/dinner/yii/framework/web/filters/CFilterChain.php(133): MenusController->runAction()
#1 /Users/kklin/Repositories/github/dinner/yii/framework/web/filters/CFilter.php(40): CFilterChain->run()
#2 /Users/kklin/Repositories/github/dinner/yii/framework/web/CController.php(1145): CAccessControlFilter->filter()
#3 /Users/kklin/Repositories/github/dinner/yii/framework/web/filters/CInlineFilter.php(58): MenusController->filterAccessControl()
#4 /Users/kklin/Repositories/github/dinner/yii/framework/web/filters/CFilterChain.php(130): CInlineFilter->filter()
#5 /Users/kklin/Repositories/github/dinner/yii/framework/web/CController.php(291): CFilterChain->run()
#6 /Users/kklin/Repositories/github/dinner/yii/framework/web/CController.php(265): MenusController->runActionWithFilters()
#7 /Users/kklin/Repositories/github/dinner/yii/framework/web/CWebApplication.php(282): MenusController->run()
#8 /Users/kklin/Repositories/github/dinner/yii/framework/web/CWebApplication.php(141): CWebApplication->runController()
#9 /Users/kklin/Repositories/github/dinner/yii/framework/base/CApplication.php(180): CWebApplication->processRequest()
#10 /Users/kklin/Repositories/github/dinner/index.php(13): CWebApplication->run()
REQUEST_URI=/github/dinner/index.php?r=menus/form
in /Users/kklin/Repositories/github/dinner/protected/controllers/MenusController.php (123)
in /Users/kklin/Repositories/github/dinner/index.php (13)
2015/09/06 13:48:33 [error] [php] Undefined variable: data (/Users/kklin/Repositories/github/dinner/protected/controllers/MenusController.php:123)
Stack trace:
#0 /Users/kklin/Repositories/github/dinner/yii/framework/web/filters/CFilterChain.php(133): MenusController->runAction()
#1 /Users/kklin/Repositories/github/dinner/yii/framework/web/filters/CFilter.php(40): CFilterChain->run()
#2 /Users/kklin/Repositories/github/dinner/yii/framework/web/CController.php(1145): CAccessControlFilter->filter()
#3 /Users/kklin/Repositories/github/dinner/yii/framework/web/filters/CInlineFilter.php(58): MenusController->filterAccessControl()
#4 /Users/kklin/Repositories/github/dinner/yii/framework/web/filters/CFilterChain.php(130): CInlineFilter->filter()
#5 /Users/kklin/Repositories/github/dinner/yii/framework/web/CController.php(291): CFilterChain->run()
#6 /Users/kklin/Repositories/github/dinner/yii/framework/web/CController.php(265): MenusController->runActionWithFilters()
#7 /Users/kklin/Repositories/github/dinner/yii/framework/web/CWebApplication.php(282): MenusController->run()
#8 /Users/kklin/Repositories/github/dinner/yii/framework/web/CWebApplication.php(141): CWebApplication->runController()
#9 /Users/kklin/Repositories/github/dinner/yii/framework/base/CApplication.php(180): CWebApplication->processRequest()
#10 /Users/kklin/Repositories/github/dinner/index.php(13): CWebApplication->run()
REQUEST_URI=/github/dinner/index.php?r=menus/form
in /Users/kklin/Repositories/github/dinner/protected/controllers/MenusController.php (123)
in /Users/kklin/Repositories/github/dinner/index.php (13)
2015/09/06 13:49:55 [error] [php] Undefined variable: data (/Users/kklin/Repositories/github/dinner/protected/controllers/MenusController.php:123)
Stack trace:
#0 /Users/kklin/Repositories/github/dinner/yii/framework/web/filters/CFilterChain.php(133): MenusController->runAction()
#1 /Users/kklin/Repositories/github/dinner/yii/framework/web/filters/CFilter.php(40): CFilterChain->run()
#2 /Users/kklin/Repositories/github/dinner/yii/framework/web/CController.php(1145): CAccessControlFilter->filter()
#3 /Users/kklin/Repositories/github/dinner/yii/framework/web/filters/CInlineFilter.php(58): MenusController->filterAccessControl()
#4 /Users/kklin/Repositories/github/dinner/yii/framework/web/filters/CFilterChain.php(130): CInlineFilter->filter()
#5 /Users/kklin/Repositories/github/dinner/yii/framework/web/CController.php(291): CFilterChain->run()
#6 /Users/kklin/Repositories/github/dinner/yii/framework/web/CController.php(265): MenusController->runActionWithFilters()
#7 /Users/kklin/Repositories/github/dinner/yii/framework/web/CWebApplication.php(282): MenusController->run()
#8 /Users/kklin/Repositories/github/dinner/yii/framework/web/CWebApplication.php(141): CWebApplication->runController()
#9 /Users/kklin/Repositories/github/dinner/yii/framework/base/CApplication.php(180): CWebApplication->processRequest()
#10 /Users/kklin/Repositories/github/dinner/index.php(13): CWebApplication->run()
REQUEST_URI=/github/dinner/index.php?r=menus/form
in /Users/kklin/Repositories/github/dinner/protected/controllers/MenusController.php (123)
in /Users/kklin/Repositories/github/dinner/index.php (13)
2015/09/06 13:50:05 [error] [php] Undefined variable: data (/Users/kklin/Repositories/github/dinner/protected/controllers/MenusController.php:123)
Stack trace:
#0 /Users/kklin/Repositories/github/dinner/yii/framework/web/filters/CFilterChain.php(133): MenusController->runAction()
#1 /Users/kklin/Repositories/github/dinner/yii/framework/web/filters/CFilter.php(40): CFilterChain->run()
#2 /Users/kklin/Repositories/github/dinner/yii/framework/web/CController.php(1145): CAccessControlFilter->filter()
#3 /Users/kklin/Repositories/github/dinner/yii/framework/web/filters/CInlineFilter.php(58): MenusController->filterAccessControl()
#4 /Users/kklin/Repositories/github/dinner/yii/framework/web/filters/CFilterChain.php(130): CInlineFilter->filter()
#5 /Users/kklin/Repositories/github/dinner/yii/framework/web/CController.php(291): CFilterChain->run()
#6 /Users/kklin/Repositories/github/dinner/yii/framework/web/CController.php(265): MenusController->runActionWithFilters()
#7 /Users/kklin/Repositories/github/dinner/yii/framework/web/CWebApplication.php(282): MenusController->run()
#8 /Users/kklin/Repositories/github/dinner/yii/framework/web/CWebApplication.php(141): CWebApplication->runController()
#9 /Users/kklin/Repositories/github/dinner/yii/framework/base/CApplication.php(180): CWebApplication->processRequest()
#10 /Users/kklin/Repositories/github/dinner/index.php(13): CWebApplication->run()
REQUEST_URI=/github/dinner/index.php?r=menus/form
in /Users/kklin/Repositories/github/dinner/protected/controllers/MenusController.php (123)
in /Users/kklin/Repositories/github/dinner/index.php (13)
2015/09/06 14:11:44 [error] [exception.CHttpException.404] exception 'CHttpException' with message '亲！您的账户余额不足，不能下单哦，到前台妹子交钱吧！' in /Users/kklin/Repositories/github/dinner/protected/controllers/SiteController.php:216
Stack trace:
#0 /Users/kklin/Repositories/github/dinner/yii/framework/web/actions/CInlineAction.php(49): SiteController->actionConfirmOrder()
#1 /Users/kklin/Repositories/github/dinner/yii/framework/web/CController.php(308): CInlineAction->runWithParams(Array)
#2 /Users/kklin/Repositories/github/dinner/yii/framework/web/filters/CFilterChain.php(133): CController->runAction(Object(CInlineAction))
#3 /Users/kklin/Repositories/github/dinner/protected/controllers/SiteController.php(75): CFilterChain->run()
#4 /Users/kklin/Repositories/github/dinner/yii/framework/web/filters/CInlineFilter.php(58): SiteController->filtercheckIsOnTime(Object(CFilterChain))
#5 /Users/kklin/Repositories/github/dinner/yii/framework/web/filters/CFilterChain.php(130): CInlineFilter->filter(Object(CFilterChain))
#6 /Users/kklin/Repositories/github/dinner/protected/controllers/SiteController.php(51): CFilterChain->run()
#7 /Users/kklin/Repositories/github/dinner/yii/framework/web/filters/CInlineFilter.php(58): SiteController->filtercheckIsCartEmpty(Object(CFilterChain))
#8 /Users/kklin/Repositories/github/dinner/yii/framework/web/filters/CFilterChain.php(130): CInlineFilter->filter(Object(CFilterChain))
#9 /Users/kklin/Repositories/github/dinner/protected/controllers/SiteController.php(24): CFilterChain->run()
#10 /Users/kklin/Repositories/github/dinner/yii/framework/web/filters/CInlineFilter.php(58): SiteController->filtercheckLoginControl(Object(CFilterChain))
#11 /Users/kklin/Repositories/github/dinner/yii/framework/web/filters/CFilterChain.php(130): CInlineFilter->filter(Object(CFilterChain))
#12 /Users/kklin/Repositories/github/dinner/yii/framework/web/CController.php(291): CFilterChain->run()
#13 /Users/kklin/Repositories/github/dinner/yii/framework/web/CController.php(265): CController->runActionWithFilters(Object(CInlineAction), Array)
#14 /Users/kklin/Repositories/github/dinner/yii/framework/web/CWebApplication.php(282): CController->run('confirmorder')
#15 /Users/kklin/Repositories/github/dinner/yii/framework/web/CWebApplication.php(141): CWebApplication->runController('site/confirmord...')
#16 /Users/kklin/Repositories/github/dinner/yii/framework/base/CApplication.php(180): CWebApplication->processRequest()
#17 /Users/kklin/Repositories/github/dinner/index.php(13): CApplication->run()
#18 {main}
REQUEST_URI=/github/dinner/index.php?r=site/confirmorder
HTTP_REFERER=http://localhost/github/dinner/index.php?r=site/lookcart
---
